生成启动时间为 2016/11/26 9:00:43。
     1>项目“G:\VSProject\HeadFirst\Command\Command\Command.vcxproj”在节点 2 上(Build 个目标)。
     1>ClCompile:
         C:\Program Files (x86)\Microsoft Visual Studio 11.0\VC\bin\CL.exe /c /I"C:\Program Files (x86)\Visual Leak Detector\include" /ZI /nologo /W3 /WX- /sdl /Od /Oy- /D _MBCS /Gm /EHsc /RTC1 /MDd /GS /fp:precise /Zc:wchar_t /Zc:forScope /Fo"Debug\\" /Fd"Debug\vc110.pdb" /Gd /TP /analyze- /errorReport:prompt Command.cpp Control.cpp main.cpp
         Command.cpp
         正在生成代码...
         正在编译...
         main.cpp
         Control.cpp
     1>g:\vsproject\headfirst\command\command\control.cpp(38): warning C4018: “<”: 有符号/无符号不匹配
         正在生成代码...
       Link:
         C:\Program Files (x86)\Microsoft Visual Studio 11.0\VC\bin\link.exe /ERRORREPORT:PROMPT /OUT:"G:\VSProject\HeadFirst\Command\Debug\Command.exe" /INCREMENTAL /NOLOGO /LIBPATH:"C:\Program Files (x86)\Visual Leak Detector\lib\Win32" kernel32.lib user32.lib gdi32.lib winspool.lib comdlg32.lib advapi32.lib shell32.lib ole32.lib oleaut32.lib uuid.lib odbc32.lib odbccp32.lib /MANIFEST /MANIFESTUAC:"level='asInvoker' uiAccess='false'" /manifest:embed /DEBUG /PDB:"G:\VSProject\HeadFirst\Command\Debug\Command.pdb" /TLBID:1 /DYNAMICBASE /NXCOMPAT /IMPLIB:"G:\VSProject\HeadFirst\Command\Debug\Command.lib" /MACHINE:X86 Debug\CeilingFan.obj
         Debug\Command.obj
         Debug\Control.obj
         Debug\Light.obj
         Debug\main.obj
         Command.vcxproj -> G:\VSProject\HeadFirst\Command\Debug\Command.exe
     1>已完成生成项目“G:\VSProject\HeadFirst\Command\Command\Command.vcxproj”(Build 个目标)的操作。

生成成功。

已用时间 00:00:02.61
